<?xml version="1.0" encoding="UTF-8"?>
<testng-results ignored="0" total="3" passed="3" failed="0" skipped="0">
  <reporter-output>
  </reporter-output>
  <suite started-at="2024-11-16T21:40:07 IST" name="Gradle suite" finished-at="2024-11-16T21:40:50 IST" duration-ms="42570">
    <groups>
    </groups>
    <test started-at="2024-11-16T21:40:07 IST" name="Gradle test" finished-at="2024-11-16T21:40:50 IST" duration-ms="42570">
      <class name="demo.TestCase">
        <test-method is-config="true" signature="initializeTestSuite()[pri:0, instance:demo.TestCase@1fb669c3]" started-at="2024-11-16T21:40:04 IST" name="initializeTestSuite" finished-at="2024-11-16T21:40:07 IST" duration-ms="3308" status="PASS">
          <reporter-output>
          </reporter-output>
        </test-method> <!-- initializeTestSuite -->
        <test-method signature="testCase01()[pri:1, instance:demo.TestCase@1fb669c3]" started-at="2024-11-16T21:40:07 IST" name="testCase01" finished-at="2024-11-16T21:40:21 IST" duration-ms="13675" status="PASS">
          <reporter-output>
          </reporter-output>
        </test-method> <!-- testCase01 -->
        <test-method signature="testCase02()[pri:2, instance:demo.TestCase@1fb669c3]" started-at="2024-11-16T21:40:21 IST" name="testCase02" finished-at="2024-11-16T21:40:27 IST" duration-ms="5982" status="PASS">
          <reporter-output>
          </reporter-output>
        </test-method> <!-- testCase02 -->
        <test-method signature="testCase03()[pri:3, instance:demo.TestCase@1fb669c3]" started-at="2024-11-16T21:40:27 IST" name="testCase03" finished-at="2024-11-16T21:40:50 IST" duration-ms="22838" status="PASS">
          <reporter-output>
          </reporter-output>
        </test-method> <!-- testCase03 -->
        <test-method is-config="true" signature="terminateTestSuite()[pri:0, instance:demo.TestCase@1fb669c3]" started-at="2024-11-16T21:40:50 IST" name="terminateTestSuite" finished-at="2024-11-16T21:40:51 IST" duration-ms="926" status="PASS">
          <reporter-output>
          </reporter-output>
        </test-method> <!-- terminateTestSuite -->
      </class> <!-- demo.TestCase -->
    </test> <!-- Gradle test -->
  </suite> <!-- Gradle suite -->
</testng-results>
